BuddAI Test Report
Date: 2026-01-11_09-23-45
============================================================

tests.test_additional_coverage (unittest.loader._FailedTest.tests.test_additional_coverage) ... ERROR
test_fallback_stats (tests.test_analytics.TestAnalytics.test_fallback_stats)
Test calculation of fallback statistics ... ok
test_fallback_stats_empty (tests.test_analytics.TestAnalytics.test_fallback_stats_empty)
Test stats with empty database ... ok
tests.test_buddai (unittest.loader._FailedTest.tests.test_buddai) ... ERROR
test_calculate_confidence_high (tests.test_buddai_confidence.TestConfidenceScorer.test_calculate_confidence_high)
Test a high confidence scenario (Success + Matches) ... ok
test_calculate_confidence_low (tests.test_buddai_confidence.TestConfidenceScorer.test_calculate_confidence_low)
Test a low confidence scenario (Validation Failure) ... ok
test_pattern_familiarity (tests.test_buddai_confidence.TestConfidenceScorer.test_pattern_familiarity)
Test pattern matching logic ... ok
test_should_escalate_thresholds (tests.test_buddai_confidence.TestConfidenceScorer.test_should_escalate_thresholds)
Test flagging logic at specific boundaries ... ok
test_validation_scoring_penalties (tests.test_buddai_confidence.TestConfidenceScorer.test_validation_scoring_penalties)
Test that warnings reduce score but don't zero it ... ok
tests.test_buddai_integration (unittest.loader._FailedTest.tests.test_buddai_integration) ... ERROR
tests.test_buddai_v3_2 (unittest.loader._FailedTest.tests.test_buddai_v3_2) ... ERROR
test_confidence_high (tests.test_confidence.TestConfidence.test_confidence_high)
Known good code → should score >70% ... ok
test_confidence_low (tests.test_confidence.TestConfidence.test_confidence_low)
Edge case code → should score <70% ... ok
test_threshold_detection (tests.test_confidence.TestConfidence.test_threshold_detection)
Verify escalation trigger logic ... ok
test_detect_gratitude (tests.test_conversation_protocol.TestConversationProtocol.test_detect_gratitude) ... ok
test_detect_greetings (tests.test_conversation_protocol.TestConversationProtocol.test_detect_greetings) ... ok
test_ignore_technical_requests (tests.test_conversation_protocol.TestConversationProtocol.test_ignore_technical_requests) ... ok
test_default_verbosity_is_conversational (tests.test_conversational_verification.TestConversationalSettings.test_default_verbosity_is_conversational)
Verify default verbosity is conversational. ... ok
test_execution_mode_is_conversational (tests.test_conversational_verification.TestConversationalSettings.test_execution_mode_is_conversational)
Verify execution modes are conversational. ... ok
test_stress_mode_is_conversational (tests.test_conversational_verification.TestConversationalSettings.test_stress_mode_is_conversational)
Verify stress mode is no longer code-only. ... ok
test_anti_patterns_loaded (tests.test_cpp_skill.TestCPPSkill.test_anti_patterns_loaded) ... ok
test_best_practices (tests.test_cpp_skill.TestCPPSkill.test_best_practices) ... ok
test_get_template_arduino (tests.test_cpp_skill.TestCPPSkill.test_get_template_arduino) ... ok
test_get_template_class (tests.test_cpp_skill.TestCPPSkill.test_get_template_class) ... ok
test_initialization (tests.test_cpp_skill.TestCPPSkill.test_initialization) ... ok
test_patterns_loaded (tests.test_cpp_skill.TestCPPSkill.test_patterns_loaded) ... ok
test_supports_file (tests.test_cpp_skill.TestCPPSkill.test_supports_file) ... ok
test_validate_blocking_delay (tests.test_cpp_skill.TestCPPSkill.test_validate_blocking_delay) ... ok
test_validate_buffer_overflow (tests.test_cpp_skill.TestCPPSkill.test_validate_buffer_overflow) ... ok
test_validate_good_code (tests.test_cpp_skill.TestCPPSkill.test_validate_good_code) ... ok
test_validate_null_usage (tests.test_cpp_skill.TestCPPSkill.test_validate_null_usage) ... ok
test_validate_raw_new (tests.test_cpp_skill.TestCPPSkill.test_validate_raw_new) ... ok
test_anti_patterns_loaded (tests.test_css_skill.TestCSSSkill.test_anti_patterns_loaded)
Test that anti-patterns are loaded ... ok
test_get_template_flexbox (tests.test_css_skill.TestCSSSkill.test_get_template_flexbox)
Test getting flexbox template ... ok
test_get_template_grid (tests.test_css_skill.TestCSSSkill.test_get_template_grid)
Test getting grid template ... ok
test_get_template_reset (tests.test_css_skill.TestCSSSkill.test_get_template_reset)
Test getting CSS reset template ... ok
test_get_template_variables (tests.test_css_skill.TestCSSSkill.test_get_template_variables)
Test getting variables template ... ok
test_initialization (tests.test_css_skill.TestCSSSkill.test_initialization)
Test CSS skill initializes correctly ... ok
test_modern_features (tests.test_css_skill.TestCSSSkill.test_modern_features)
Test modern CSS features list ... ok
test_patterns_loaded (tests.test_css_skill.TestCSSSkill.test_patterns_loaded)
Test that patterns are loaded ... ok
test_performance_tips (tests.test_css_skill.TestCSSSkill.test_performance_tips)
Test performance tips are provided ... ok
test_responsive_breakpoints (tests.test_css_skill.TestCSSSkill.test_responsive_breakpoints)
Test responsive breakpoints are defined ... ok
test_supports_file (tests.test_css_skill.TestCSSSkill.test_supports_file)
Test file extension detection ... ok
test_validate_absolute_fonts (tests.test_css_skill.TestCSSSkill.test_validate_absolute_fonts)
Test validation catches absolute font sizes ... ok
test_validate_excessive_important (tests.test_css_skill.TestCSSSkill.test_validate_excessive_important)
Test validation catches excessive !important ... ok
test_validate_good_css (tests.test_css_skill.TestCSSSkill.test_validate_good_css)
Test validation passes for modern CSS ... ok
test_validate_suggests_modern_layout (tests.test_css_skill.TestCSSSkill.test_validate_suggests_modern_layout)
Test validation suggests modern layouts ... ok
test_analyze_project (tests.test_documentation_workflow.TestDocumentationWorkflow.test_analyze_project)
Test project analysis ... ok
test_detect_high_confidence (tests.test_documentation_workflow.TestDocumentationWorkflow.test_detect_high_confidence)
Test high confidence detection ... ok
test_detect_low_confidence (tests.test_documentation_workflow.TestDocumentationWorkflow.test_detect_low_confidence)
Test low confidence detection ... ok
test_detect_medium_confidence (tests.test_documentation_workflow.TestDocumentationWorkflow.test_detect_medium_confidence)
Test medium confidence detection ... ok
test_detect_project_type_javascript (tests.test_documentation_workflow.TestDocumentationWorkflow.test_detect_project_type_javascript)
Test JavaScript project detection ... ok
test_detect_project_type_python (tests.test_documentation_workflow.TestDocumentationWorkflow.test_detect_project_type_python)
Test Python project detection ... ok
test_find_source_files (tests.test_documentation_workflow.TestDocumentationWorkflow.test_find_source_files)
Test finding source files ... ok
test_generate_architecture (tests.test_documentation_workflow.TestDocumentationWorkflow.test_generate_architecture)
Test architecture doc generation ... ok
test_generate_contributing (tests.test_documentation_workflow.TestDocumentationWorkflow.test_generate_contributing)
Test contributing guide generation ... ok
test_generate_readme (tests.test_documentation_workflow.TestDocumentationWorkflow.test_generate_readme)
Test README generation ... ok
test_initialization (tests.test_documentation_workflow.TestDocumentationWorkflow.test_initialization)
Test workflow initializes ... ok
test_plan_creates_steps (tests.test_documentation_workflow.TestDocumentationWorkflow.test_plan_creates_steps)
Test plan creates workflow steps ... ok
tests.test_extended_coverage_2 (unittest.loader._FailedTest.tests.test_extended_coverage_2) ... ERROR
tests.test_extended_features (unittest.loader._FailedTest.tests.test_extended_features) ... ERROR
test_base64_tool (tests.test_extra_skills.TestExtraSkills.test_base64_tool) ... ok
test_color_tool (tests.test_extra_skills.TestExtraSkills.test_color_tool) ... ok
test_file_search_tool (tests.test_extra_skills.TestExtraSkills.test_file_search_tool) ... ok
test_hash_tool (tests.test_extra_skills.TestExtraSkills.test_hash_tool) ... ok
test_json_tool (tests.test_extra_skills.TestExtraSkills.test_json_tool) ... ok
test_regex_tool (tests.test_extra_skills.TestExtraSkills.test_regex_tool) ... ok
test_escalate_claude (tests.test_fallback_client.TestFallbackClient.test_escalate_claude)
Test successful escalation to Claude ... ok
test_escalate_no_key (tests.test_fallback_client.TestFallbackClient.test_escalate_no_key)
Test behavior when API key is missing ... ok
test_escalate_openai (tests.test_fallback_client.TestFallbackClient.test_escalate_openai)
Test successful escalation to OpenAI ... ok
test_escalate_success (tests.test_fallback_client.TestFallbackClient.test_escalate_success)
Test successful escalation to Gemini ... ok
test_extract_learning_patterns (tests.test_fallback_client.TestFallbackClient.test_extract_learning_patterns)
Test extraction of patterns from code diffs ... ok
tests.test_fallback_logging (unittest.loader._FailedTest.tests.test_fallback_logging) ... ERROR
tests.test_fallback_logic (unittest.loader._FailedTest.tests.test_fallback_logic) ... ERROR
tests.test_fallback_prompts (unittest.loader._FailedTest.tests.test_fallback_prompts) ... ERROR
tests.test_final_coverage (unittest.loader._FailedTest.tests.test_final_coverage) ... ERROR
test_missing_smoothing (tests.test_forge_theory_validator.TestForgeTheoryValidator.test_missing_smoothing)
Should flag direct writes in motor context ... ok
test_no_motor_context (tests.test_forge_theory_validator.TestForgeTheoryValidator.test_no_motor_context)
Should ignore code unrelated to motors/servos ... ok
test_present_smoothing_comment (tests.test_forge_theory_validator.TestForgeTheoryValidator.test_present_smoothing_comment)
Should accept code with explicit Forge Theory comment ... ok
test_present_smoothing_formula (tests.test_forge_theory_validator.TestForgeTheoryValidator.test_present_smoothing_formula)
Should accept code with smoothing formula ... ok
test_accessibility_checklist (tests.test_html_skill.TestHTMLSkill.test_accessibility_checklist)
Test accessibility checklist exists ... ok
test_anti_patterns_loaded (tests.test_html_skill.TestHTMLSkill.test_anti_patterns_loaded)
Test that anti-patterns are loaded ... ok
test_best_practices (tests.test_html_skill.TestHTMLSkill.test_best_practices)
Test best practices are defined ... ok
test_get_template_basic (tests.test_html_skill.TestHTMLSkill.test_get_template_basic)
Test getting basic template ... ok
test_get_template_form (tests.test_html_skill.TestHTMLSkill.test_get_template_form)
Test getting form template ... ok
test_get_template_invalid (tests.test_html_skill.TestHTMLSkill.test_get_template_invalid)
Test getting non-existent template ... ok
test_initialization (tests.test_html_skill.TestHTMLSkill.test_initialization)
Test HTML skill initializes correctly ... ok
test_patterns_loaded (tests.test_html_skill.TestHTMLSkill.test_patterns_loaded)
Test that patterns are loaded ... ok
test_seo_checklist (tests.test_html_skill.TestHTMLSkill.test_seo_checklist)
Test SEO checklist exists ... ok
test_supports_file (tests.test_html_skill.TestHTMLSkill.test_supports_file)
Test file extension detection ... ok
test_validate_deprecated_tags (tests.test_html_skill.TestHTMLSkill.test_validate_deprecated_tags)
Test validation catches deprecated tags ... ok
test_validate_good_html (tests.test_html_skill.TestHTMLSkill.test_validate_good_html)
Test validation passes for good HTML ... ok
test_validate_missing_alt (tests.test_html_skill.TestHTMLSkill.test_validate_missing_alt)
Test validation catches images without alt ... ok
test_validate_missing_doctype (tests.test_html_skill.TestHTMLSkill.test_validate_missing_doctype)
Test validation catches missing DOCTYPE ... ok
tests.test_integration (unittest.loader._FailedTest.tests.test_integration) ... ERROR
test_anti_patterns_loaded (tests.test_javascript_skill.TestJavaScriptSkill.test_anti_patterns_loaded)
Test that anti-patterns are loaded ... ok
test_common_pitfalls (tests.test_javascript_skill.TestJavaScriptSkill.test_common_pitfalls)
Test common pitfalls are documented ... ok
test_es6_features (tests.test_javascript_skill.TestJavaScriptSkill.test_es6_features)
Test ES6+ features list ... ok
test_get_template_array_operations (tests.test_javascript_skill.TestJavaScriptSkill.test_get_template_array_operations)
Test getting array operations template ... ok
test_get_template_async_fetch (tests.test_javascript_skill.TestJavaScriptSkill.test_get_template_async_fetch)
Test getting async fetch template ... ok
test_get_template_dom_manipulation (tests.test_javascript_skill.TestJavaScriptSkill.test_get_template_dom_manipulation)
Test getting DOM manipulation template ... ok
test_initialization (tests.test_javascript_skill.TestJavaScriptSkill.test_initialization)
Test JavaScript skill initializes correctly ... ok
test_patterns_loaded (tests.test_javascript_skill.TestJavaScriptSkill.test_patterns_loaded)
Test that patterns are loaded ... ok
test_performance_tips (tests.test_javascript_skill.TestJavaScriptSkill.test_performance_tips)
Test performance tips are provided ... ok
test_supports_file (tests.test_javascript_skill.TestJavaScriptSkill.test_supports_file)
Test file extension detection ... ok
test_validate_eval_usage (tests.test_javascript_skill.TestJavaScriptSkill.test_validate_eval_usage)
Test validation catches eval usage ... ok
test_validate_good_javascript (tests.test_javascript_skill.TestJavaScriptSkill.test_validate_good_javascript)
Test validation passes for modern JavaScript ... ok
test_validate_loose_equality (tests.test_javascript_skill.TestJavaScriptSkill.test_validate_loose_equality)
Test validation catches loose equality ... ok
test_validate_missing_error_handling (tests.test_javascript_skill.TestJavaScriptSkill.test_validate_missing_error_handling)
Test validation catches missing error handling in async code ... ok
test_validate_var_usage (tests.test_javascript_skill.TestJavaScriptSkill.test_validate_var_usage)
Test validation catches var usage ... ok
test_get_all_skills (tests.test_language_registry.TestLanguageRegistry.test_get_all_skills)
Test retrieving all skills ... ok
test_get_best_practices (tests.test_language_registry.TestLanguageRegistry.test_get_best_practices)
Test getting best practices through registry ... ok
test_get_patterns (tests.test_language_registry.TestLanguageRegistry.test_get_patterns)
Test getting patterns through registry ... ok
test_get_skill_by_name (tests.test_language_registry.TestLanguageRegistry.test_get_skill_by_name)
Test getting skill by name ... ok
test_get_skill_for_file (tests.test_language_registry.TestLanguageRegistry.test_get_skill_for_file)
Test getting skill for filename ... ok
test_get_supported_extensions (tests.test_language_registry.TestLanguageRegistry.test_get_supported_extensions)
Test getting supported extensions ... ok
test_get_supported_languages (tests.test_language_registry.TestLanguageRegistry.test_get_supported_languages)
Test getting supported languages ... ok
test_get_template (tests.test_language_registry.TestLanguageRegistry.test_get_template)
Test getting template through registry ... ok
test_global_registry_singleton (tests.test_language_registry.TestLanguageRegistry.test_global_registry_singleton)
Test that global registry is a singleton ... ok
test_initialization (tests.test_language_registry.TestLanguageRegistry.test_initialization)
Test registry initializes ... ok
test_skills_discovered (tests.test_language_registry.TestLanguageRegistry.test_skills_discovered)
Test that skills are auto-discovered ... ok
test_validate_code (tests.test_language_registry.TestLanguageRegistry.test_validate_code)
Test code validation through registry ... ok
test_dry_run_merge (tests.test_pattern_merger.TestPatternMerger.test_dry_run_merge)
Test dry run doesn't actually merge ... ok
test_find_similar_patterns (tests.test_pattern_merger.TestPatternMerger.test_find_similar_patterns)
Test finding similar pattern groups ... ok
test_jaccard_similarity (tests.test_pattern_merger.TestPatternMerger.test_jaccard_similarity)
Test Jaccard similarity calculation ... ok
test_levenshtein_distance (tests.test_pattern_merger.TestPatternMerger.test_levenshtein_distance)
Test Levenshtein distance calculation ... ok
test_levenshtein_similarity (tests.test_pattern_merger.TestPatternMerger.test_levenshtein_similarity)
Test Levenshtein similarity ... ok
test_merge_history_created (tests.test_pattern_merger.TestPatternMerger.test_merge_history_created)
Test that merge history is recorded ... ok
test_merge_pattern_group (tests.test_pattern_merger.TestPatternMerger.test_merge_pattern_group)
Test merging a group of patterns ... ok
test_merge_stats (tests.test_pattern_merger.TestPatternMerger.test_merge_stats)
Test merge statistics ... ok
test_no_similar_patterns (tests.test_pattern_merger.TestPatternMerger.test_no_similar_patterns)
Test behavior when no similar patterns exist ... ok
test_real_merge_all (tests.test_pattern_merger.TestPatternMerger.test_real_merge_all)
Test real merging of all similar patterns ... ok
test_identify_prune_candidates_low_score (tests.test_pattern_pruner.TestPatternPruner.test_identify_prune_candidates_low_score)
Test that low scoring patterns are identified ... ok
test_prune_patterns_real (tests.test_pattern_pruner.TestPatternPruner.test_prune_patterns_real)
Test actual pruning (backup + delete) ... ok
test_restore_pattern (tests.test_pattern_pruner.TestPatternPruner.test_restore_pattern)
Test restoring a pattern from backup ... ok
test_safety_filter_favorites (tests.test_pattern_pruner.TestPatternPruner.test_safety_filter_favorites)
Test that favorited patterns are protected ... ok
test_safety_filter_recent (tests.test_pattern_pruner.TestPatternPruner.test_safety_filter_recent)
Test that recent patterns are protected ... ok
test_age_score_decreases_with_time (tests.test_pattern_scorer.TestPatternScorer.test_age_score_decreases_with_time)
Test that age score uses exponential decay ... ok
test_get_bottom_patterns (tests.test_pattern_scorer.TestPatternScorer.test_get_bottom_patterns)
Test getting lowest scored patterns ... ok
test_get_top_patterns (tests.test_pattern_scorer.TestPatternScorer.test_get_top_patterns)
Test getting highest scored patterns ... ok
test_high_usage_scores_higher (tests.test_pattern_scorer.TestPatternScorer.test_high_usage_scores_higher)
Test that frequently used patterns score higher ... ok
test_recent_pattern_scores_higher (tests.test_pattern_scorer.TestPatternScorer.test_recent_pattern_scores_higher)
Test that recent patterns score higher than old ones ... ok
test_score_all_patterns (tests.test_pattern_scorer.TestPatternScorer.test_score_all_patterns)
Test scoring all patterns ... ok
test_score_distribution (tests.test_pattern_scorer.TestPatternScorer.test_score_distribution)
Test score distribution calculation ... ok
test_score_pattern_exists (tests.test_pattern_scorer.TestPatternScorer.test_score_pattern_exists)
Test scoring an existing pattern ... ok
test_score_pattern_not_found (tests.test_pattern_scorer.TestPatternScorer.test_score_pattern_not_found)
Test scoring non-existent pattern ... ok
test_update_decay_constant (tests.test_pattern_scorer.TestPatternScorer.test_update_decay_constant)
Test updating decay constant ... ok
tests.test_personality (unittest.loader._FailedTest.tests.test_personality) ... ERROR
test_wind_down_mode_configuration (tests.test_personality_wind_down.TestPersonalityWindDown.test_wind_down_mode_configuration)
Verify wind_down mode loads new note and interaction style ... ok
test_add_conversation (tests.test_project_memory.TestProject.test_add_conversation)
Test adding conversation ... ok
test_add_decision (tests.test_project_memory.TestProject.test_add_decision)
Test adding decision ... ok
test_add_file (tests.test_project_memory.TestProject.test_add_file)
Test adding file ... ok
test_add_next_step (tests.test_project_memory.TestProject.test_add_next_step)
Test adding next step ... ok
test_add_tag (tests.test_project_memory.TestProject.test_add_tag)
Test adding tag ... ok
test_complete_step (tests.test_project_memory.TestProject.test_complete_step)
Test completing a step ... ok
test_from_dict (tests.test_project_memory.TestProject.test_from_dict)
Test creating from dictionary ... ok
test_project_creation (tests.test_project_memory.TestProject.test_project_creation)
Test creating a project ... ok
test_to_dict (tests.test_project_memory.TestProject.test_to_dict)
Test converting to dictionary ... ok
test_delete_project (tests.test_project_memory.TestProjectMemory.test_delete_project)
Test deleting project ... ok
test_get_by_project_type (tests.test_project_memory.TestProjectMemory.test_get_by_project_type)
Test getting projects by type ... ok
test_get_recent_projects (tests.test_project_memory.TestProjectMemory.test_get_recent_projects)
Test getting recent projects ... ok
test_global_instance (tests.test_project_memory.TestProjectMemory.test_global_instance)
Test global instance is singleton ... ok
test_list_by_status (tests.test_project_memory.TestProjectMemory.test_list_by_status)
Test listing by status ... ok
test_list_projects (tests.test_project_memory.TestProjectMemory.test_list_projects)
Test listing projects ... ok
test_save_and_load_project (tests.test_project_memory.TestProjectMemory.test_save_and_load_project)
Test saving and loading project ... ok
test_search_by_type (tests.test_project_memory.TestProjectMemory.test_search_by_type)
Test searching by project type ... ok
test_search_exact_match (tests.test_project_memory.TestProjectMemory.test_search_exact_match)
Test exact name search ... ok
test_search_partial_match (tests.test_project_memory.TestProjectMemory.test_search_partial_match)
Test partial name search ... ok
test_anti_patterns_loaded (tests.test_python_skill.TestPythonSkill.test_anti_patterns_loaded)
Test that anti-patterns are loaded ... ok
test_get_template_class (tests.test_python_skill.TestPythonSkill.test_get_template_class)
Test getting class template ... ok
test_get_template_script (tests.test_python_skill.TestPythonSkill.test_get_template_script)
Test getting basic script template ... ok
test_initialization (tests.test_python_skill.TestPythonSkill.test_initialization)
Test Python skill initializes correctly ... ok
test_patterns_loaded (tests.test_python_skill.TestPythonSkill.test_patterns_loaded)
Test that patterns are loaded ... ok
test_supports_file (tests.test_python_skill.TestPythonSkill.test_supports_file)
Test file extension detection ... ok
test_validate_bare_except (tests.test_python_skill.TestPythonSkill.test_validate_bare_except)
Test validation catches bare except clauses ... ok
test_validate_global_variables (tests.test_python_skill.TestPythonSkill.test_validate_global_variables)
Test validation warns about global variables ... ok
test_validate_good_code (tests.test_python_skill.TestPythonSkill.test_validate_good_code)
Test validation passes for good Python code ... ok
test_validate_mutable_default (tests.test_python_skill.TestPythonSkill.test_validate_mutable_default)
Test validation catches mutable default arguments ... ok
test_validate_print_statements (tests.test_python_skill.TestPythonSkill.test_validate_print_statements)
Test validation warns about print statements ... ok
test_arduino_validator (tests.test_refactored_validators.TestRefactoredValidators.test_arduino_validator) ... ok
test_esp32_adc_resolution (tests.test_refactored_validators.TestRefactoredValidators.test_esp32_adc_resolution) ... ok
test_esp32_validator (tests.test_refactored_validators.TestRefactoredValidators.test_esp32_validator) ... ok
test_forge_theory_validator (tests.test_refactored_validators.TestRefactoredValidators.test_forge_theory_validator) ... ok
test_memory_validator (tests.test_refactored_validators.TestRefactoredValidators.test_memory_validator) ... ok
test_motor_pwm_conflict (tests.test_refactored_validators.TestRefactoredValidators.test_motor_pwm_conflict) ... ok
test_motor_validator (tests.test_refactored_validators.TestRefactoredValidators.test_motor_validator) ... ok
test_servo_validator (tests.test_refactored_validators.TestRefactoredValidators.test_servo_validator) ... ok
test_style_monolithic_loop (tests.test_refactored_validators.TestRefactoredValidators.test_style_monolithic_loop) ... ok
test_style_validator (tests.test_refactored_validators.TestRefactoredValidators.test_style_validator) ... ok
test_timing_validator (tests.test_refactored_validators.TestRefactoredValidators.test_timing_validator) ... ok
test_generic_secret (tests.test_security_validator.TestSecurityValidator.test_generic_secret) ... ok
test_openai_key_detection (tests.test_security_validator.TestSecurityValidator.test_openai_key_detection) ... ok
test_wifi_credentials (tests.test_security_validator.TestSecurityValidator.test_wifi_credentials) ... ok
test_calculator_logic (tests.test_skills.TestSkills.test_calculator_logic)
Verify calculator skill math ... ok
test_code_analyzer (tests.test_skills.TestSkills.test_code_analyzer)
Verify code analyzer skill ... ok
test_doc_generator (tests.test_skills.TestSkills.test_doc_generator)
Verify doc generator skill ... ok
test_file_search_tool (tests.test_skills.TestSkills.test_file_search_tool)
Verify file search skill ... ok
test_project_scaffolder (tests.test_skills.TestSkills.test_project_scaffolder)
Verify project scaffolder skill ... ok
test_registry_loading (tests.test_skills.TestSkills.test_registry_loading)
Ensure skills are discovered and loaded ... ok
test_test_generator (tests.test_skills.TestSkills.test_test_generator)
Verify test generator skill ... ok
test_timer_parsing (tests.test_skills.TestSkills.test_timer_parsing)
Verify timer parses duration correctly ... ok
test_weather_mock (tests.test_skills.TestSkills.test_weather_mock)
Verify weather skill with mocked network ... ok
test_blocking_delay_in_motor_code (tests.test_timing_safety_validator.TestTimingSafetyValidator.test_blocking_delay_in_motor_code)
Should warn about delay() in motor loops ... ok
test_broken_debounce_logic (tests.test_timing_safety_validator.TestTimingSafetyValidator.test_broken_debounce_logic)
Should detect type mismatch in debounce logic ... ok
test_long_safety_timeout (tests.test_timing_safety_validator.TestTimingSafetyValidator.test_long_safety_timeout)
Should warn if timeout is too long (>5s) ... ok
test_missing_safety_timeout (tests.test_timing_safety_validator.TestTimingSafetyValidator.test_missing_safety_timeout)
Should error on missing safety timeout for motors ... ok
test_static_timer_init (tests.test_timing_safety_validator.TestTimingSafetyValidator.test_static_timer_init)
Should detect static timers initialized with millis() ... ok
test_unnecessary_debounce (tests.test_timing_safety_validator.TestTimingSafetyValidator.test_unnecessary_debounce)
Should flag debounce logic in analog/battery contexts ... ok
test_valid_safety_timeout (tests.test_timing_safety_validator.TestTimingSafetyValidator.test_valid_safety_timeout)
Should accept code with valid timeout logic ... ok
test_auto_fix_chain (tests.test_validator_integration.TestValidatorIntegration.test_auto_fix_chain)
Test applying fixes via the registry ... ok
test_combined_validation (tests.test_validator_integration.TestValidatorIntegration.test_combined_validation)
Test multiple validators triggering on one piece of code ... ok
test_registry_loading (tests.test_validator_integration.TestValidatorIntegration.test_registry_loading)
Ensure validators are loaded dynamically ... ok
test_detect_add_feature (tests.test_workflow_detector.TestWorkflowDetector.test_detect_add_feature)
Test detecting add feature intent ... ok
test_detect_create_project (tests.test_workflow_detector.TestWorkflowDetector.test_detect_create_project)
Test detecting create project intent ... ok
test_detect_fix_bug (tests.test_workflow_detector.TestWorkflowDetector.test_detect_fix_bug)
Test detecting fix bug intent ... ok
test_detect_generate_docs (tests.test_workflow_detector.TestWorkflowDetector.test_detect_generate_docs)
Test detecting generate docs intent ... ok
test_detect_review_code (tests.test_workflow_detector.TestWorkflowDetector.test_detect_review_code)
Test detecting review code intent ... ok
test_detect_unknown_intent (tests.test_workflow_detector.TestWorkflowDetector.test_detect_unknown_intent)
Test unknown intent returns low confidence ... ok
test_detect_write_tests (tests.test_workflow_detector.TestWorkflowDetector.test_detect_write_tests)
Test detecting write tests intent ... ok
test_detection_patterns_loaded (tests.test_workflow_detector.TestWorkflowDetector.test_detection_patterns_loaded)
Test detection patterns are loaded ... ok
test_get_intent_examples (tests.test_workflow_detector.TestWorkflowDetector.test_get_intent_examples)
Test getting intent examples ... ok
test_get_supported_intents (tests.test_workflow_detector.TestWorkflowDetector.test_get_supported_intents)
Test getting supported intents ... ok
test_global_detector_singleton (tests.test_workflow_detector.TestWorkflowDetector.test_global_detector_singleton)
Test global detector is singleton ... ok
test_initialization (tests.test_workflow_detector.TestWorkflowDetector.test_initialization)
Test detector initializes ... ok
test_register_workflow (tests.test_workflow_detector.TestWorkflowDetector.test_register_workflow)
Test registering a workflow ... ok
test_route_to_workflow (tests.test_workflow_detector.TestWorkflowDetector.test_route_to_workflow)
Test routing to workflow ... ok

======================================================================
ERROR: tests.test_additional_coverage (unittest.loader._FailedTest.tests.test_additional_coverage)
----------------------------------------------------------------------
ImportError: Failed to import test module: tests.test_additional_coverage
Traceback (most recent call last):
  File "C:\Python313\Lib\unittest\loader.py", line 396, in _find_test_path
    module = self._get_module_from_name(name)
  File "C:\Python313\Lib\unittest\loader.py", line 339, in _get_module_from_name
    __import__(name)
    ~~~~~~~~~~^^^^^^
  File "C:\Users\gilbe\Documents\GitHub\readme-hub\buddAI\tests\test_additional_coverage.py", line 26, in <module>
    spec.loader.exec_module(buddai_module)
    ~~~~~~~~~~~~~~~~~~~~~~~^^^^^^^^^^^^^^^
  File "C:\Users\gilbe\Documents\GitHub\readme-hub\buddAI\buddai_executive.py", line 26, in <module>
    from core.workflow_detector import WorkflowDetector
ModuleNotFoundError: No module named 'core.workflow_detector'


======================================================================
ERROR: tests.test_buddai (unittest.loader._FailedTest.tests.test_buddai)
----------------------------------------------------------------------
ImportError: Failed to import test module: tests.test_buddai
Traceback (most recent call last):
  File "C:\Python313\Lib\unittest\loader.py", line 396, in _find_test_path
    module = self._get_module_from_name(name)
  File "C:\Python313\Lib\unittest\loader.py", line 339, in _get_module_from_name
    __import__(name)
    ~~~~~~~~~~^^^^^^
  File "C:\Users\gilbe\Documents\GitHub\readme-hub\buddAI\tests\test_buddai.py", line 30, in <module>
    spec.loader.exec_module(buddai_module)
    ~~~~~~~~~~~~~~~~~~~~~~~^^^^^^^^^^^^^^^
  File "C:\Users\gilbe\Documents\GitHub\readme-hub\buddAI\buddai_executive.py", line 26, in <module>
    from core.workflow_detector import WorkflowDetector
ModuleNotFoundError: No module named 'core.workflow_detector'


======================================================================
ERROR: tests.test_buddai_integration (unittest.loader._FailedTest.tests.test_buddai_integration)
----------------------------------------------------------------------
ImportError: Failed to import test module: tests.test_buddai_integration
Traceback (most recent call last):
  File "C:\Python313\Lib\unittest\loader.py", line 396, in _find_test_path
    module = self._get_module_from_name(name)
  File "C:\Python313\Lib\unittest\loader.py", line 339, in _get_module_from_name
    __import__(name)
    ~~~~~~~~~~^^^^^^
  File "C:\Users\gilbe\Documents\GitHub\readme-hub\buddAI\tests\test_buddai_integration.py", line 16, in <module>
    from buddai_executive import BuddAI
ImportError: cannot import name 'BuddAI' from 'buddai_executive' (C:\Users\gilbe\Documents\GitHub\readme-hub\buddAI\buddai_executive.py)


======================================================================
ERROR: tests.test_buddai_v3_2 (unittest.loader._FailedTest.tests.test_buddai_v3_2)
----------------------------------------------------------------------
ImportError: Failed to import test module: tests.test_buddai_v3_2
Traceback (most recent call last):
  File "C:\Python313\Lib\unittest\loader.py", line 396, in _find_test_path
    module = self._get_module_from_name(name)
  File "C:\Python313\Lib\unittest\loader.py", line 339, in _get_module_from_name
    __import__(name)
    ~~~~~~~~~~^^^^^^
  File "C:\Users\gilbe\Documents\GitHub\readme-hub\buddAI\tests\test_buddai_v3_2.py", line 26, in <module>
    spec.loader.exec_module(buddai_module)
    ~~~~~~~~~~~~~~~~~~~~~~~^^^^^^^^^^^^^^^
  File "C:\Users\gilbe\Documents\GitHub\readme-hub\buddAI\buddai_executive.py", line 26, in <module>
    from core.workflow_detector import WorkflowDetector
ModuleNotFoundError: No module named 'core.workflow_detector'


======================================================================
ERROR: tests.test_extended_coverage_2 (unittest.loader._FailedTest.tests.test_extended_coverage_2)
----------------------------------------------------------------------
ImportError: Failed to import test module: tests.test_extended_coverage_2
Traceback (most recent call last):
  File "C:\Python313\Lib\unittest\loader.py", line 396, in _find_test_path
    module = self._get_module_from_name(name)
  File "C:\Python313\Lib\unittest\loader.py", line 339, in _get_module_from_name
    __import__(name)
    ~~~~~~~~~~^^^^^^
  File "C:\Users\gilbe\Documents\GitHub\readme-hub\buddAI\tests\test_extended_coverage_2.py", line 15, in <module>
    from buddai_executive import BuddAI
ImportError: cannot import name 'BuddAI' from 'buddai_executive' (C:\Users\gilbe\Documents\GitHub\readme-hub\buddAI\buddai_executive.py)


======================================================================
ERROR: tests.test_extended_features (unittest.loader._FailedTest.tests.test_extended_features)
----------------------------------------------------------------------
ImportError: Failed to import test module: tests.test_extended_features
Traceback (most recent call last):
  File "C:\Python313\Lib\unittest\loader.py", line 396, in _find_test_path
    module = self._get_module_from_name(name)
  File "C:\Python313\Lib\unittest\loader.py", line 339, in _get_module_from_name
    __import__(name)
    ~~~~~~~~~~^^^^^^
  File "C:\Users\gilbe\Documents\GitHub\readme-hub\buddAI\tests\test_extended_features.py", line 23, in <module>
    spec.loader.exec_module(buddai_module)
    ~~~~~~~~~~~~~~~~~~~~~~~^^^^^^^^^^^^^^^
  File "C:\Users\gilbe\Documents\GitHub\readme-hub\buddAI\buddai_executive.py", line 26, in <module>
    from core.workflow_detector import WorkflowDetector
ModuleNotFoundError: No module named 'core.workflow_detector'


======================================================================
ERROR: tests.test_fallback_logging (unittest.loader._FailedTest.tests.test_fallback_logging)
----------------------------------------------------------------------
ImportError: Failed to import test module: tests.test_fallback_logging
Traceback (most recent call last):
  File "C:\Python313\Lib\unittest\loader.py", line 396, in _find_test_path
    module = self._get_module_from_name(name)
  File "C:\Python313\Lib\unittest\loader.py", line 339, in _get_module_from_name
    __import__(name)
    ~~~~~~~~~~^^^^^^
  File "C:\Users\gilbe\Documents\GitHub\readme-hub\buddAI\tests\test_fallback_logging.py", line 17, in <module>
    from buddai_executive import BuddAI
ImportError: cannot import name 'BuddAI' from 'buddai_executive' (C:\Users\gilbe\Documents\GitHub\readme-hub\buddAI\buddai_executive.py)


======================================================================
ERROR: tests.test_fallback_logic (unittest.loader._FailedTest.tests.test_fallback_logic)
----------------------------------------------------------------------
ImportError: Failed to import test module: tests.test_fallback_logic
Traceback (most recent call last):
  File "C:\Python313\Lib\unittest\loader.py", line 396, in _find_test_path
    module = self._get_module_from_name(name)
  File "C:\Python313\Lib\unittest\loader.py", line 339, in _get_module_from_name
    __import__(name)
    ~~~~~~~~~~^^^^^^
  File "C:\Users\gilbe\Documents\GitHub\readme-hub\buddAI\tests\test_fallback_logic.py", line 18, in <module>
    from buddai_executive import BuddAI
ImportError: cannot import name 'BuddAI' from 'buddai_executive' (C:\Users\gilbe\Documents\GitHub\readme-hub\buddAI\buddai_executive.py)


======================================================================
ERROR: tests.test_fallback_prompts (unittest.loader._FailedTest.tests.test_fallback_prompts)
----------------------------------------------------------------------
ImportError: Failed to import test module: tests.test_fallback_prompts
Traceback (most recent call last):
  File "C:\Python313\Lib\unittest\loader.py", line 396, in _find_test_path
    module = self._get_module_from_name(name)
  File "C:\Python313\Lib\unittest\loader.py", line 339, in _get_module_from_name
    __import__(name)
    ~~~~~~~~~~^^^^^^
  File "C:\Users\gilbe\Documents\GitHub\readme-hub\buddAI\tests\test_fallback_prompts.py", line 17, in <module>
    from buddai_executive import BuddAI
ImportError: cannot import name 'BuddAI' from 'buddai_executive' (C:\Users\gilbe\Documents\GitHub\readme-hub\buddAI\buddai_executive.py)


======================================================================
ERROR: tests.test_final_coverage (unittest.loader._FailedTest.tests.test_final_coverage)
----------------------------------------------------------------------
ImportError: Failed to import test module: tests.test_final_coverage
Traceback (most recent call last):
  File "C:\Python313\Lib\unittest\loader.py", line 396, in _find_test_path
    module = self._get_module_from_name(name)
  File "C:\Python313\Lib\unittest\loader.py", line 339, in _get_module_from_name
    __import__(name)
    ~~~~~~~~~~^^^^^^
  File "C:\Users\gilbe\Documents\GitHub\readme-hub\buddAI\tests\test_final_coverage.py", line 20, in <module>
    from buddai_executive import BuddAI
ImportError: cannot import name 'BuddAI' from 'buddai_executive' (C:\Users\gilbe\Documents\GitHub\readme-hub\buddAI\buddai_executive.py)


======================================================================
ERROR: tests.test_integration (unittest.loader._FailedTest.tests.test_integration)
----------------------------------------------------------------------
ImportError: Failed to import test module: tests.test_integration
Traceback (most recent call last):
  File "C:\Python313\Lib\unittest\loader.py", line 396, in _find_test_path
    module = self._get_module_from_name(name)
  File "C:\Python313\Lib\unittest\loader.py", line 339, in _get_module_from_name
    __import__(name)
    ~~~~~~~~~~^^^^^^
  File "C:\Users\gilbe\Documents\GitHub\readme-hub\buddAI\tests\test_integration.py", line 25, in <module>
    spec.loader.exec_module(buddai_module)
    ~~~~~~~~~~~~~~~~~~~~~~~^^^^^^^^^^^^^^^
  File "C:\Users\gilbe\Documents\GitHub\readme-hub\buddAI\buddai_executive.py", line 26, in <module>
    from core.workflow_detector import WorkflowDetector
ModuleNotFoundError: No module named 'core.workflow_detector'


======================================================================
ERROR: tests.test_personality (unittest.loader._FailedTest.tests.test_personality)
----------------------------------------------------------------------
ImportError: Failed to import test module: tests.test_personality
Traceback (most recent call last):
  File "C:\Python313\Lib\unittest\loader.py", line 396, in _find_test_path
    module = self._get_module_from_name(name)
  File "C:\Python313\Lib\unittest\loader.py", line 339, in _get_module_from_name
    __import__(name)
    ~~~~~~~~~~^^^^^^
  File "C:\Users\gilbe\Documents\GitHub\readme-hub\buddAI\tests\test_personality.py", line 12, in <module>
    from buddai_executive import BuddAI
ImportError: cannot import name 'BuddAI' from 'buddai_executive' (C:\Users\gilbe\Documents\GitHub\readme-hub\buddAI\buddai_executive.py)


----------------------------------------------------------------------
Ran 226 tests in 1.424s

FAILED (errors=12)
