BuddAI Test Report
Date: 2026-01-09_19-16-26
============================================================

.............................................................................................................................................................F............
======================================================================
FAIL: test_registry_loading (tests.test_skills.TestSkills.test_registry_loading)
Ensure skills are discovered and loaded
----------------------------------------------------------------------
Traceback (most recent call last):
  File "C:\Users\gilbe\Documents\GitHub\readme-hub\buddAI\tests\test_skills.py", line 24, in test_registry_loading
    self.assertIn("test_all", self.registry)
    ~~~~~~~~~~~~~^^^^^^^^^^^^^^^^^^^^^^^^^^^
AssertionError: 'test_all' not found in {'base64_tool': {'name': 'Base64 Tool', 'triggers': ['base64'], 'description': 'Encode or decode Base64 strings', 'run': <function run at 0x000001FEBE24E2A0>}, 'calculator': {'name': 'Smart Calculator', 'triggers': ['calculate', 'compute', 'solve', 'math', '+', '-', '*', '/'], 'description': 'Performs basic arithmetic operations detected in the prompt.', 'run': <function run at 0x000001FEBE3BA3E0>}, 'color_tool': {'name': 'Color Converter', 'triggers': ['hex to rgb', 'rgb to hex', 'color convert'], 'description': 'Convert between Hex and RGB colors', 'run': <function run at 0x000001FEBE24E3E0>}, 'file_search_tool': {'name': 'File Search Tool', 'triggers': ['find file', 'search file', 'locate file'], 'description': 'Find files by name pattern in the current directory', 'run': <function run at 0x000001FEBE24E700>}, 'hash_tool': {'name': 'Hash Generator', 'triggers': ['hash', 'md5', 'sha256', 'sha1'], 'description': 'Generate MD5/SHA1/SHA256 hashes', 'run': <function run at 0x000001FEBE24E520>}, 'json_tool': {'name': 'JSON Formatter', 'triggers': ['format json', 'pretty json', 'validate json'], 'description': 'Validate and pretty-print JSON', 'run': <function run at 0x000001FEBE24E160>}, 'regex_tool': {'name': 'Regex Tester', 'triggers': ['regex test'], 'description': 'Test regex patterns against strings', 'run': <function run at 0x000001FEBE24DF80>}, 'system_info': {'name': 'System Info', 'triggers': ['cpu usage', 'ram usage', 'memory usage', 'system stats', 'how much ram', 'cpu load'], 'description': 'Reports current CPU and RAM usage.', 'run': <function run at 0x000001FEBE3BA660>}, 'timer': {'name': 'Timer', 'triggers': ['timer', 'sleep', 'wait for'], 'description': 'Sets a non-blocking timer (background thread).', 'run': <function run at 0x000001FEBE3BA840>}, 'weather': {'name': 'Weather', 'triggers': ['weather', 'temperature', 'forecast'], 'description': 'Fetches current weather using wttr.in (no API key required).', 'run': <function run at 0x000001FEBE3BAA20>}}

----------------------------------------------------------------------
Ran 170 tests in 52.188s

FAILED (failures=1)
