BuddAI Test Report
Date: 2026-01-09_17-55-00
============================================================

......................................................................................E.................................................................F............
======================================================================
ERROR: tests.test_extra_skills (unittest.loader._FailedTest.tests.test_extra_skills)
----------------------------------------------------------------------
ImportError: Failed to import test module: tests.test_extra_skills
Traceback (most recent call last):
  File "C:\Python313\Lib\unittest\loader.py", line 396, in _find_test_path
    module = self._get_module_from_name(name)
  File "C:\Python313\Lib\unittest\loader.py", line 339, in _get_module_from_name
    __import__(name)
    ~~~~~~~~~~^^^^^^
  File "C:\Users\gilbe\Documents\GitHub\readme-hub\buddAI\tests\test_extra_skills.py", line 16, in <module>
    from skills import regex_tool, json_tool, base64_tool, color_tool, hash_tool, file_search_tool
ImportError: cannot import name 'file_search_tool' from 'skills' (C:\Users\gilbe\Documents\GitHub\readme-hub\buddAI\skills\__init__.py)


======================================================================
FAIL: test_registry_loading (tests.test_skills.TestSkills.test_registry_loading)
Ensure skills are discovered and loaded
----------------------------------------------------------------------
Traceback (most recent call last):
  File "C:\Users\gilbe\Documents\GitHub\readme-hub\buddAI\tests\test_skills.py", line 24, in test_registry_loading
    self.assertIn("test_all", self.registry)
    ~~~~~~~~~~~~~^^^^^^^^^^^^^^^^^^^^^^^^^^^
AssertionError: 'test_all' not found in {'base64_tool': {'name': 'Base64 Tool', 'triggers': ['base64'], 'description': 'Encode or decode Base64 strings', 'run': <function run at 0x000001F26F1EE340>}, 'calculator': {'name': 'Smart Calculator', 'triggers': ['calculate', 'compute', 'solve', 'math', '+', '-', '*', '/'], 'description': 'Performs basic arithmetic operations detected in the prompt.', 'run': <function run at 0x000001F26F35DEE0>}, 'color_tool': {'name': 'Color Converter', 'triggers': ['hex to rgb', 'rgb to hex', 'color convert'], 'description': 'Convert between Hex and RGB colors', 'run': <function run at 0x000001F26F1EE480>}, 'hash_tool': {'name': 'Hash Generator', 'triggers': ['hash', 'md5', 'sha256', 'sha1'], 'description': 'Generate MD5/SHA1/SHA256 hashes', 'run': <function run at 0x000001F26F1EE5C0>}, 'json_tool': {'name': 'JSON Formatter', 'triggers': ['format json', 'pretty json', 'validate json'], 'description': 'Validate and pretty-print JSON', 'run': <function run at 0x000001F26F1EE200>}, 'regex_tool': {'name': 'Regex Tester', 'triggers': ['regex test'], 'description': 'Test regex patterns against strings', 'run': <function run at 0x000001F26F1EE020>}, 'system_info': {'name': 'System Info', 'triggers': ['cpu usage', 'ram usage', 'memory usage', 'system stats', 'how much ram', 'cpu load'], 'description': 'Reports current CPU and RAM usage.', 'run': <function run at 0x000001F26F35E160>}, 'timer': {'name': 'Timer', 'triggers': ['timer', 'sleep', 'wait for'], 'description': 'Sets a non-blocking timer (background thread).', 'run': <function run at 0x000001F26F35E340>}, 'weather': {'name': 'Weather', 'triggers': ['weather', 'temperature', 'forecast'], 'description': 'Fetches current weather using wttr.in (no API key required).', 'run': <function run at 0x000001F26F35E520>}}

----------------------------------------------------------------------
Ran 165 tests in 51.028s

FAILED (failures=1, errors=1)
